ERROR - 2024-03-12 09:46:03 --> mysqli_sql_exception: You have an error in your SQL syntax; check the manual that corresponds to your MySQL server version for the right syntax to use near '@example.com and active = 1' at line 1 in C:\xampp\htdocs\apisolve\vendor\codeigniter4\framework\system\Database\MySQLi\Connection.php:306
Stack trace:
#0 C:\xampp\htdocs\apisolve\vendor\codeigniter4\framework\system\Database\MySQLi\Connection.php(306): mysqli->query('SELECT * FROM a...', 0)
#1 C:\xampp\htdocs\apisolve\vendor\codeigniter4\framework\system\Database\BaseConnection.php(693): CodeIgniter\Database\MySQLi\Connection->execute('SELECT * FROM a...')
#2 C:\xampp\htdocs\apisolve\vendor\codeigniter4\framework\system\Database\BaseConnection.php(607): CodeIgniter\Database\BaseConnection->simpleQuery('SELECT * FROM a...')
#3 C:\xampp\htdocs\apisolve\app\Models\UserModel.php(41): CodeIgniter\Database\BaseConnection->query('SELECT * FROM a...')
#4 C:\xampp\htdocs\apisolve\app\Helpers\jwt_helper.php(25): App\Models\UserModel->findUserByEmailAddress('raul@example.co...')
#5 C:\xampp\htdocs\apisolve\app\Filters\JWTAuthenticationFilter.php(34): validateJWTFromRequest('eyJ0eXAiOiJKV1Q...')
#6 C:\xampp\htdocs\apisolve\vendor\codeigniter4\framework\system\Filters\Filters.php(184): App\Filters\JWTAuthenticationFilter->before(Object(CodeIgniter\HTTP\IncomingRequest), NULL)
#7 C:\xampp\htdocs\apisolve\vendor\codeigniter4\framework\system\CodeIgniter.php(474): CodeIgniter\Filters\Filters->run('client/', 'before')
#8 C:\xampp\htdocs\apisolve\vendor\codeigniter4\framework\system\CodeIgniter.php(361): CodeIgniter\CodeIgniter->handleRequest(NULL, Object(Config\Cache), false)
#9 C:\xampp\htdocs\apisolve\public\index.php(79): CodeIgniter\CodeIgniter->run()
#10 C:\xampp\htdocs\apisolve\vendor\codeigniter4\framework\system\Commands\Server\rewrite.php(47): require_once('C:\\xampp\\htdocs...')
#11 {main}
CRITICAL - 2024-03-12 09:46:03 --> CodeIgniter\Database\Exceptions\DatabaseException: You have an error in your SQL syntax; check the manual that corresponds to your MySQL server version for the right syntax to use near '@example.com and active = 1' at line 1
in SYSTEMPATH\Database\BaseConnection.php on line 647.
 1 APPPATH\Models\UserModel.php(41): CodeIgniter\Database\BaseConnection->query('SELECT * FROM apisolve_sandbox.users WHERE email = raul@example.com and active = 1')
 2 APPPATH\Helpers\jwt_helper.php(25): App\Models\UserModel->findUserByEmailAddress('raul@example.com')
 3 APPPATH\Filters\JWTAuthenticationFilter.php(34): validateJWTFromRequest('eyJ0eXAiOiJKV1QiLCJhbGciOiJIUzI1NiJ9.eyJlbWFpbCI6InJhdWxAZXhhbXBsZS5jb20iLCJpYXQiOjE3MDk5MzIzMzIsImV4cCI6MTcxMTczMjMzMn0.k0PQQ0NTBpK9Ux68aoz3cfTDikR_iKKipuyTiOEMP1U')
 4 SYSTEMPATH\Filters\Filters.php(184): App\Filters\JWTAuthenticationFilter->before(Object(CodeIgniter\HTTP\IncomingRequest), null)
 5 SYSTEMPATH\CodeIgniter.php(474): CodeIgniter\Filters\Filters->run('client/', 'before')
 6 SYSTEMPATH\CodeIgniter.php(361): CodeIgniter\CodeIgniter->handleRequest(null, Object(Config\Cache), false)
 7 FCPATH\index.php(79): CodeIgniter\CodeIgniter->run()
 8 SYSTEMPATH\Commands\Server\rewrite.php(47): require_once('C:\\xampp\\htdocs\\apisolve\\public\\index.php')
CRITICAL - 2024-03-12 09:46:03 --> [Caused by] CodeIgniter\Database\Exceptions\DatabaseException: You have an error in your SQL syntax; check the manual that corresponds to your MySQL server version for the right syntax to use near '@example.com and active = 1' at line 1
in SYSTEMPATH\Database\MySQLi\Connection.php on line 311.
 1 SYSTEMPATH\Database\BaseConnection.php(693): CodeIgniter\Database\MySQLi\Connection->execute('SELECT * FROM apisolve_sandbox.users WHERE email = raul@example.com and active = 1')
 2 SYSTEMPATH\Database\BaseConnection.php(607): CodeIgniter\Database\BaseConnection->simpleQuery('SELECT * FROM apisolve_sandbox.users WHERE email = raul@example.com and active = 1')
 3 APPPATH\Models\UserModel.php(41): CodeIgniter\Database\BaseConnection->query('SELECT * FROM apisolve_sandbox.users WHERE email = raul@example.com and active = 1')
 4 APPPATH\Helpers\jwt_helper.php(25): App\Models\UserModel->findUserByEmailAddress('raul@example.com')
 5 APPPATH\Filters\JWTAuthenticationFilter.php(34): validateJWTFromRequest('eyJ0eXAiOiJKV1QiLCJhbGciOiJIUzI1NiJ9.eyJlbWFpbCI6InJhdWxAZXhhbXBsZS5jb20iLCJpYXQiOjE3MDk5MzIzMzIsImV4cCI6MTcxMTczMjMzMn0.k0PQQ0NTBpK9Ux68aoz3cfTDikR_iKKipuyTiOEMP1U')
 6 SYSTEMPATH\Filters\Filters.php(184): App\Filters\JWTAuthenticationFilter->before(Object(CodeIgniter\HTTP\IncomingRequest), null)
 7 SYSTEMPATH\CodeIgniter.php(474): CodeIgniter\Filters\Filters->run('client/', 'before')
 8 SYSTEMPATH\CodeIgniter.php(361): CodeIgniter\CodeIgniter->handleRequest(null, Object(Config\Cache), false)
 9 FCPATH\index.php(79): CodeIgniter\CodeIgniter->run()
10 SYSTEMPATH\Commands\Server\rewrite.php(47): require_once('C:\\xampp\\htdocs\\apisolve\\public\\index.php')
CRITICAL - 2024-03-12 09:46:03 --> [Caused by] mysqli_sql_exception: You have an error in your SQL syntax; check the manual that corresponds to your MySQL server version for the right syntax to use near '@example.com and active = 1' at line 1
in SYSTEMPATH\Database\MySQLi\Connection.php on line 306.
 1 SYSTEMPATH\Database\MySQLi\Connection.php(306): mysqli->query('SELECT * FROM apisolve_sandbox.users WHERE email = raul@example.com and active = 1', 0)
 2 SYSTEMPATH\Database\BaseConnection.php(693): CodeIgniter\Database\MySQLi\Connection->execute('SELECT * FROM apisolve_sandbox.users WHERE email = raul@example.com and active = 1')
 3 SYSTEMPATH\Database\BaseConnection.php(607): CodeIgniter\Database\BaseConnection->simpleQuery('SELECT * FROM apisolve_sandbox.users WHERE email = raul@example.com and active = 1')
 4 APPPATH\Models\UserModel.php(41): CodeIgniter\Database\BaseConnection->query('SELECT * FROM apisolve_sandbox.users WHERE email = raul@example.com and active = 1')
 5 APPPATH\Helpers\jwt_helper.php(25): App\Models\UserModel->findUserByEmailAddress('raul@example.com')
 6 APPPATH\Filters\JWTAuthenticationFilter.php(34): validateJWTFromRequest('eyJ0eXAiOiJKV1QiLCJhbGciOiJIUzI1NiJ9.eyJlbWFpbCI6InJhdWxAZXhhbXBsZS5jb20iLCJpYXQiOjE3MDk5MzIzMzIsImV4cCI6MTcxMTczMjMzMn0.k0PQQ0NTBpK9Ux68aoz3cfTDikR_iKKipuyTiOEMP1U')
 7 SYSTEMPATH\Filters\Filters.php(184): App\Filters\JWTAuthenticationFilter->before(Object(CodeIgniter\HTTP\IncomingRequest), null)
 8 SYSTEMPATH\CodeIgniter.php(474): CodeIgniter\Filters\Filters->run('client/', 'before')
 9 SYSTEMPATH\CodeIgniter.php(361): CodeIgniter\CodeIgniter->handleRequest(null, Object(Config\Cache), false)
10 FCPATH\index.php(79): CodeIgniter\CodeIgniter->run()
11 SYSTEMPATH\Commands\Server\rewrite.php(47): require_once('C:\\xampp\\htdocs\\apisolve\\public\\index.php')
ERROR - 2024-03-12 09:47:53 --> mysqli_sql_exception: You have an error in your SQL syntax; check the manual that corresponds to your MySQL server version for the right syntax to use near '@example.com and active = 1' at line 1 in C:\xampp\htdocs\apisolve\vendor\codeigniter4\framework\system\Database\MySQLi\Connection.php:306
Stack trace:
#0 C:\xampp\htdocs\apisolve\vendor\codeigniter4\framework\system\Database\MySQLi\Connection.php(306): mysqli->query('SELECT * FROM a...', 0)
#1 C:\xampp\htdocs\apisolve\vendor\codeigniter4\framework\system\Database\BaseConnection.php(693): CodeIgniter\Database\MySQLi\Connection->execute('SELECT * FROM a...')
#2 C:\xampp\htdocs\apisolve\vendor\codeigniter4\framework\system\Database\BaseConnection.php(607): CodeIgniter\Database\BaseConnection->simpleQuery('SELECT * FROM a...')
#3 C:\xampp\htdocs\apisolve\app\Models\UserModel.php(41): CodeIgniter\Database\BaseConnection->query('SELECT * FROM a...')
#4 C:\xampp\htdocs\apisolve\app\Helpers\jwt_helper.php(25): App\Models\UserModel->findUserByEmailAddress('raul@example.co...')
#5 C:\xampp\htdocs\apisolve\app\Filters\JWTAuthenticationFilter.php(34): validateJWTFromRequest('eyJ0eXAiOiJKV1Q...')
#6 C:\xampp\htdocs\apisolve\vendor\codeigniter4\framework\system\Filters\Filters.php(184): App\Filters\JWTAuthenticationFilter->before(Object(CodeIgniter\HTTP\IncomingRequest), NULL)
#7 C:\xampp\htdocs\apisolve\vendor\codeigniter4\framework\system\CodeIgniter.php(474): CodeIgniter\Filters\Filters->run('client/', 'before')
#8 C:\xampp\htdocs\apisolve\vendor\codeigniter4\framework\system\CodeIgniter.php(361): CodeIgniter\CodeIgniter->handleRequest(NULL, Object(Config\Cache), false)
#9 C:\xampp\htdocs\apisolve\public\index.php(79): CodeIgniter\CodeIgniter->run()
#10 C:\xampp\htdocs\apisolve\vendor\codeigniter4\framework\system\Commands\Server\rewrite.php(47): require_once('C:\\xampp\\htdocs...')
#11 {main}
CRITICAL - 2024-03-12 09:47:53 --> CodeIgniter\Database\Exceptions\DatabaseException: You have an error in your SQL syntax; check the manual that corresponds to your MySQL server version for the right syntax to use near '@example.com and active = 1' at line 1
in SYSTEMPATH\Database\BaseConnection.php on line 647.
 1 APPPATH\Models\UserModel.php(41): CodeIgniter\Database\BaseConnection->query('SELECT * FROM apisolve_sandbox.users WHERE email = raul@example.com and active = 1')
 2 APPPATH\Helpers\jwt_helper.php(25): App\Models\UserModel->findUserByEmailAddress('raul@example.com')
 3 APPPATH\Filters\JWTAuthenticationFilter.php(34): validateJWTFromRequest('eyJ0eXAiOiJKV1QiLCJhbGciOiJIUzI1NiJ9.eyJlbWFpbCI6InJhdWxAZXhhbXBsZS5jb20iLCJpYXQiOjE3MDk5MzIzMzIsImV4cCI6MTcxMTczMjMzMn0.k0PQQ0NTBpK9Ux68aoz3cfTDikR_iKKipuyTiOEMP1U')
 4 SYSTEMPATH\Filters\Filters.php(184): App\Filters\JWTAuthenticationFilter->before(Object(CodeIgniter\HTTP\IncomingRequest), null)
 5 SYSTEMPATH\CodeIgniter.php(474): CodeIgniter\Filters\Filters->run('client/', 'before')
 6 SYSTEMPATH\CodeIgniter.php(361): CodeIgniter\CodeIgniter->handleRequest(null, Object(Config\Cache), false)
 7 FCPATH\index.php(79): CodeIgniter\CodeIgniter->run()
 8 SYSTEMPATH\Commands\Server\rewrite.php(47): require_once('C:\\xampp\\htdocs\\apisolve\\public\\index.php')
CRITICAL - 2024-03-12 09:47:53 --> [Caused by] CodeIgniter\Database\Exceptions\DatabaseException: You have an error in your SQL syntax; check the manual that corresponds to your MySQL server version for the right syntax to use near '@example.com and active = 1' at line 1
in SYSTEMPATH\Database\MySQLi\Connection.php on line 311.
 1 SYSTEMPATH\Database\BaseConnection.php(693): CodeIgniter\Database\MySQLi\Connection->execute('SELECT * FROM apisolve_sandbox.users WHERE email = raul@example.com and active = 1')
 2 SYSTEMPATH\Database\BaseConnection.php(607): CodeIgniter\Database\BaseConnection->simpleQuery('SELECT * FROM apisolve_sandbox.users WHERE email = raul@example.com and active = 1')
 3 APPPATH\Models\UserModel.php(41): CodeIgniter\Database\BaseConnection->query('SELECT * FROM apisolve_sandbox.users WHERE email = raul@example.com and active = 1')
 4 APPPATH\Helpers\jwt_helper.php(25): App\Models\UserModel->findUserByEmailAddress('raul@example.com')
 5 APPPATH\Filters\JWTAuthenticationFilter.php(34): validateJWTFromRequest('eyJ0eXAiOiJKV1QiLCJhbGciOiJIUzI1NiJ9.eyJlbWFpbCI6InJhdWxAZXhhbXBsZS5jb20iLCJpYXQiOjE3MDk5MzIzMzIsImV4cCI6MTcxMTczMjMzMn0.k0PQQ0NTBpK9Ux68aoz3cfTDikR_iKKipuyTiOEMP1U')
 6 SYSTEMPATH\Filters\Filters.php(184): App\Filters\JWTAuthenticationFilter->before(Object(CodeIgniter\HTTP\IncomingRequest), null)
 7 SYSTEMPATH\CodeIgniter.php(474): CodeIgniter\Filters\Filters->run('client/', 'before')
 8 SYSTEMPATH\CodeIgniter.php(361): CodeIgniter\CodeIgniter->handleRequest(null, Object(Config\Cache), false)
 9 FCPATH\index.php(79): CodeIgniter\CodeIgniter->run()
10 SYSTEMPATH\Commands\Server\rewrite.php(47): require_once('C:\\xampp\\htdocs\\apisolve\\public\\index.php')
CRITICAL - 2024-03-12 09:47:53 --> [Caused by] mysqli_sql_exception: You have an error in your SQL syntax; check the manual that corresponds to your MySQL server version for the right syntax to use near '@example.com and active = 1' at line 1
in SYSTEMPATH\Database\MySQLi\Connection.php on line 306.
 1 SYSTEMPATH\Database\MySQLi\Connection.php(306): mysqli->query('SELECT * FROM apisolve_sandbox.users WHERE email = raul@example.com and active = 1', 0)
 2 SYSTEMPATH\Database\BaseConnection.php(693): CodeIgniter\Database\MySQLi\Connection->execute('SELECT * FROM apisolve_sandbox.users WHERE email = raul@example.com and active = 1')
 3 SYSTEMPATH\Database\BaseConnection.php(607): CodeIgniter\Database\BaseConnection->simpleQuery('SELECT * FROM apisolve_sandbox.users WHERE email = raul@example.com and active = 1')
 4 APPPATH\Models\UserModel.php(41): CodeIgniter\Database\BaseConnection->query('SELECT * FROM apisolve_sandbox.users WHERE email = raul@example.com and active = 1')
 5 APPPATH\Helpers\jwt_helper.php(25): App\Models\UserModel->findUserByEmailAddress('raul@example.com')
 6 APPPATH\Filters\JWTAuthenticationFilter.php(34): validateJWTFromRequest('eyJ0eXAiOiJKV1QiLCJhbGciOiJIUzI1NiJ9.eyJlbWFpbCI6InJhdWxAZXhhbXBsZS5jb20iLCJpYXQiOjE3MDk5MzIzMzIsImV4cCI6MTcxMTczMjMzMn0.k0PQQ0NTBpK9Ux68aoz3cfTDikR_iKKipuyTiOEMP1U')
 7 SYSTEMPATH\Filters\Filters.php(184): App\Filters\JWTAuthenticationFilter->before(Object(CodeIgniter\HTTP\IncomingRequest), null)
 8 SYSTEMPATH\CodeIgniter.php(474): CodeIgniter\Filters\Filters->run('client/', 'before')
 9 SYSTEMPATH\CodeIgniter.php(361): CodeIgniter\CodeIgniter->handleRequest(null, Object(Config\Cache), false)
10 FCPATH\index.php(79): CodeIgniter\CodeIgniter->run()
11 SYSTEMPATH\Commands\Server\rewrite.php(47): require_once('C:\\xampp\\htdocs\\apisolve\\public\\index.php')
CRITICAL - 2024-03-12 09:48:19 --> ErrorException: Undefined array key "email"
in APPPATH\Controllers\Auth.php on line 25.
 1 APPPATH\Controllers\Auth.php(25): CodeIgniter\Debug\Exceptions->errorHandler(2, 'Undefined array key "email"', 'C:\\xampp\\htdocs\\apisolve\\app\\Controllers\\Auth.php', 25)
 2 SYSTEMPATH\CodeIgniter.php(941): App\Controllers\Auth->login()
 3 SYSTEMPATH\CodeIgniter.php(502): CodeIgniter\CodeIgniter->runController(Object(App\Controllers\Auth))
 4 SYSTEMPATH\CodeIgniter.php(361): CodeIgniter\CodeIgniter->handleRequest(null, Object(Config\Cache), false)
 5 FCPATH\index.php(79): CodeIgniter\CodeIgniter->run()
 6 SYSTEMPATH\Commands\Server\rewrite.php(47): require_once('C:\\xampp\\htdocs\\apisolve\\public\\index.php')
CRITICAL - 2024-03-12 09:56:39 --> ParseError: syntax error, unexpected token ";", expecting ")"
in APPPATH\Helpers\jwt_helper.php on line 34.
 1 APPPATH\Controllers\Auth.php(30): helper([...])
 2 APPPATH\Controllers\Auth.php(24): App\Controllers\Auth->getJWTForUser([...], 'Pass!123')
 3 SYSTEMPATH\CodeIgniter.php(941): App\Controllers\Auth->login()
 4 SYSTEMPATH\CodeIgniter.php(502): CodeIgniter\CodeIgniter->runController(Object(App\Controllers\Auth))
 5 SYSTEMPATH\CodeIgniter.php(361): CodeIgniter\CodeIgniter->handleRequest(null, Object(Config\Cache), false)
 6 FCPATH\index.php(79): CodeIgniter\CodeIgniter->run()
 7 SYSTEMPATH\Commands\Server\rewrite.php(47): require_once('C:\\xampp\\htdocs\\apisolve\\public\\index.php')
CRITICAL - 2024-03-12 12:14:12 --> TypeError: getSignedJWTForUser(): Return value must be of type string, array returned
in APPPATH\Helpers\jwt_helper.php on line 38.
 1 APPPATH\Controllers\Auth.php(33): getSignedJWTForUser('juan.carreno@whitefish.mx')
 2 APPPATH\Controllers\Auth.php(24): App\Controllers\Auth->getJWTForUser([...], 'Pass!123')
 3 SYSTEMPATH\CodeIgniter.php(941): App\Controllers\Auth->login()
 4 SYSTEMPATH\CodeIgniter.php(502): CodeIgniter\CodeIgniter->runController(Object(App\Controllers\Auth))
 5 SYSTEMPATH\CodeIgniter.php(361): CodeIgniter\CodeIgniter->handleRequest(null, Object(Config\Cache), false)
 6 FCPATH\index.php(79): CodeIgniter\CodeIgniter->run()
 7 SYSTEMPATH\Commands\Server\rewrite.php(47): require_once('C:\\xampp\\htdocs\\apisolve\\public\\index.php')
CRITICAL - 2024-03-12 12:14:41 --> TypeError: getSignedJWTForUser(): Return value must be of type string, array returned
in APPPATH\Helpers\jwt_helper.php on line 39.
 1 APPPATH\Controllers\Auth.php(33): getSignedJWTForUser('juan.carreno@whitefish.mx')
 2 APPPATH\Controllers\Auth.php(24): App\Controllers\Auth->getJWTForUser([...], 'Pass!123')
 3 SYSTEMPATH\CodeIgniter.php(941): App\Controllers\Auth->login()
 4 SYSTEMPATH\CodeIgniter.php(502): CodeIgniter\CodeIgniter->runController(Object(App\Controllers\Auth))
 5 SYSTEMPATH\CodeIgniter.php(361): CodeIgniter\CodeIgniter->handleRequest(null, Object(Config\Cache), false)
 6 FCPATH\index.php(79): CodeIgniter\CodeIgniter->run()
 7 SYSTEMPATH\Commands\Server\rewrite.php(47): require_once('C:\\xampp\\htdocs\\apisolve\\public\\index.php')
CRITICAL - 2024-03-12 12:19:08 --> TypeError: getSignedJWTForUser(): Return value must be of type string, array returned
in APPPATH\Helpers\jwt_helper.php on line 38.
 1 APPPATH\Controllers\Auth.php(31): getSignedJWTForUser('juan.carreno@whitefish.mx')
 2 APPPATH\Controllers\Auth.php(24): App\Controllers\Auth->getJWTForUser([...], 'Pass!123')
 3 SYSTEMPATH\CodeIgniter.php(941): App\Controllers\Auth->login()
 4 SYSTEMPATH\CodeIgniter.php(502): CodeIgniter\CodeIgniter->runController(Object(App\Controllers\Auth))
 5 SYSTEMPATH\CodeIgniter.php(361): CodeIgniter\CodeIgniter->handleRequest(null, Object(Config\Cache), false)
 6 FCPATH\index.php(79): CodeIgniter\CodeIgniter->run()
 7 SYSTEMPATH\Commands\Server\rewrite.php(47): require_once('C:\\xampp\\htdocs\\apisolve\\public\\index.php')
