WARNING - 2024-03-07 22:16:09 --> [DEPRECATED] Since fakerphp/faker 1.14: Accessing property "email" is deprecated, use "email()" instead. in VENDORPATH\symfony\deprecation-contracts\function.php on line 25.
 1 VENDORPATH\symfony\deprecation-contracts\function.php(25): trigger_error('Since fakerphp/faker 1.14: Accessing property "email" is deprecated, use "email()" instead.', 16384)
 2 VENDORPATH\fakerphp\faker\src\Faker\Generator.php(962): trigger_deprecation('fakerphp/faker', '1.14', 'Accessing property "%s" is deprecated, use "%s()" instead.', 'email', 'email')
 3 APPPATH\Database\Seeds\ClientSeeder.php(23): Faker\Generator->__get('email')
 4 APPPATH\Database\Seeds\ClientSeeder.php(13): App\Database\Seeds\ClientSeeder->generateClient()
 5 SYSTEMPATH\Database\Seeder.php(145): App\Database\Seeds\ClientSeeder->run()
 6 SYSTEMPATH\Commands\Database\Seed.php(77): CodeIgniter\Database\Seeder->call('App\\Database\\Seeds\\ClientSeeder')
 7 SYSTEMPATH\CLI\Commands.php(65): CodeIgniter\Commands\Database\Seed->run([])
 8 SYSTEMPATH\CLI\Console.php(46): CodeIgniter\CLI\Commands->run('db:seed', [...])
 9 ROOTPATH\spark(102): CodeIgniter\CLI\Console->run()
WARNING - 2024-03-07 22:16:09 --> [DEPRECATED] Since fakerphp/faker 1.14: Accessing property "email" is deprecated, use "email()" instead. in VENDORPATH\symfony\deprecation-contracts\function.php on line 25.
 1 VENDORPATH\symfony\deprecation-contracts\function.php(25): trigger_error('Since fakerphp/faker 1.14: Accessing property "email" is deprecated, use "email()" instead.', 16384)
 2 VENDORPATH\fakerphp\faker\src\Faker\Generator.php(962): trigger_deprecation('fakerphp/faker', '1.14', 'Accessing property "%s" is deprecated, use "%s()" instead.', 'email', 'email')
 3 APPPATH\Database\Seeds\ClientSeeder.php(23): Faker\Generator->__get('email')
 4 APPPATH\Database\Seeds\ClientSeeder.php(13): App\Database\Seeds\ClientSeeder->generateClient()
 5 SYSTEMPATH\Database\Seeder.php(145): App\Database\Seeds\ClientSeeder->run()
 6 SYSTEMPATH\Commands\Database\Seed.php(77): CodeIgniter\Database\Seeder->call('App\\Database\\Seeds\\ClientSeeder')
 7 SYSTEMPATH\CLI\Commands.php(65): CodeIgniter\Commands\Database\Seed->run([])
 8 SYSTEMPATH\CLI\Console.php(46): CodeIgniter\CLI\Commands->run('db:seed', [...])
 9 ROOTPATH\spark(102): CodeIgniter\CLI\Console->run()
WARNING - 2024-03-07 22:16:09 --> [DEPRECATED] Since fakerphp/faker 1.14: Accessing property "email" is deprecated, use "email()" instead. in VENDORPATH\symfony\deprecation-contracts\function.php on line 25.
 1 VENDORPATH\symfony\deprecation-contracts\function.php(25): trigger_error('Since fakerphp/faker 1.14: Accessing property "email" is deprecated, use "email()" instead.', 16384)
 2 VENDORPATH\fakerphp\faker\src\Faker\Generator.php(962): trigger_deprecation('fakerphp/faker', '1.14', 'Accessing property "%s" is deprecated, use "%s()" instead.', 'email', 'email')
 3 APPPATH\Database\Seeds\ClientSeeder.php(23): Faker\Generator->__get('email')
 4 APPPATH\Database\Seeds\ClientSeeder.php(13): App\Database\Seeds\ClientSeeder->generateClient()
 5 SYSTEMPATH\Database\Seeder.php(145): App\Database\Seeds\ClientSeeder->run()
 6 SYSTEMPATH\Commands\Database\Seed.php(77): CodeIgniter\Database\Seeder->call('App\\Database\\Seeds\\ClientSeeder')
 7 SYSTEMPATH\CLI\Commands.php(65): CodeIgniter\Commands\Database\Seed->run([])
 8 SYSTEMPATH\CLI\Console.php(46): CodeIgniter\CLI\Commands->run('db:seed', [...])
 9 ROOTPATH\spark(102): CodeIgniter\CLI\Console->run()
WARNING - 2024-03-07 22:16:09 --> [DEPRECATED] Since fakerphp/faker 1.14: Accessing property "email" is deprecated, use "email()" instead. in VENDORPATH\symfony\deprecation-contracts\function.php on line 25.
 1 VENDORPATH\symfony\deprecation-contracts\function.php(25): trigger_error('Since fakerphp/faker 1.14: Accessing property "email" is deprecated, use "email()" instead.', 16384)
 2 VENDORPATH\fakerphp\faker\src\Faker\Generator.php(962): trigger_deprecation('fakerphp/faker', '1.14', 'Accessing property "%s" is deprecated, use "%s()" instead.', 'email', 'email')
 3 APPPATH\Database\Seeds\ClientSeeder.php(23): Faker\Generator->__get('email')
 4 APPPATH\Database\Seeds\ClientSeeder.php(13): App\Database\Seeds\ClientSeeder->generateClient()
 5 SYSTEMPATH\Database\Seeder.php(145): App\Database\Seeds\ClientSeeder->run()
 6 SYSTEMPATH\Commands\Database\Seed.php(77): CodeIgniter\Database\Seeder->call('App\\Database\\Seeds\\ClientSeeder')
 7 SYSTEMPATH\CLI\Commands.php(65): CodeIgniter\Commands\Database\Seed->run([])
 8 SYSTEMPATH\CLI\Console.php(46): CodeIgniter\CLI\Commands->run('db:seed', [...])
 9 ROOTPATH\spark(102): CodeIgniter\CLI\Console->run()
WARNING - 2024-03-07 22:16:09 --> [DEPRECATED] Since fakerphp/faker 1.14: Accessing property "email" is deprecated, use "email()" instead. in VENDORPATH\symfony\deprecation-contracts\function.php on line 25.
 1 VENDORPATH\symfony\deprecation-contracts\function.php(25): trigger_error('Since fakerphp/faker 1.14: Accessing property "email" is deprecated, use "email()" instead.', 16384)
 2 VENDORPATH\fakerphp\faker\src\Faker\Generator.php(962): trigger_deprecation('fakerphp/faker', '1.14', 'Accessing property "%s" is deprecated, use "%s()" instead.', 'email', 'email')
 3 APPPATH\Database\Seeds\ClientSeeder.php(23): Faker\Generator->__get('email')
 4 APPPATH\Database\Seeds\ClientSeeder.php(13): App\Database\Seeds\ClientSeeder->generateClient()
 5 SYSTEMPATH\Database\Seeder.php(145): App\Database\Seeds\ClientSeeder->run()
 6 SYSTEMPATH\Commands\Database\Seed.php(77): CodeIgniter\Database\Seeder->call('App\\Database\\Seeds\\ClientSeeder')
 7 SYSTEMPATH\CLI\Commands.php(65): CodeIgniter\Commands\Database\Seed->run([])
 8 SYSTEMPATH\CLI\Console.php(46): CodeIgniter\CLI\Commands->run('db:seed', [...])
 9 ROOTPATH\spark(102): CodeIgniter\CLI\Console->run()
WARNING - 2024-03-07 22:16:09 --> [DEPRECATED] Since fakerphp/faker 1.14: Accessing property "email" is deprecated, use "email()" instead. in VENDORPATH\symfony\deprecation-contracts\function.php on line 25.
 1 VENDORPATH\symfony\deprecation-contracts\function.php(25): trigger_error('Since fakerphp/faker 1.14: Accessing property "email" is deprecated, use "email()" instead.', 16384)
 2 VENDORPATH\fakerphp\faker\src\Faker\Generator.php(962): trigger_deprecation('fakerphp/faker', '1.14', 'Accessing property "%s" is deprecated, use "%s()" instead.', 'email', 'email')
 3 APPPATH\Database\Seeds\ClientSeeder.php(23): Faker\Generator->__get('email')
 4 APPPATH\Database\Seeds\ClientSeeder.php(13): App\Database\Seeds\ClientSeeder->generateClient()
 5 SYSTEMPATH\Database\Seeder.php(145): App\Database\Seeds\ClientSeeder->run()
 6 SYSTEMPATH\Commands\Database\Seed.php(77): CodeIgniter\Database\Seeder->call('App\\Database\\Seeds\\ClientSeeder')
 7 SYSTEMPATH\CLI\Commands.php(65): CodeIgniter\Commands\Database\Seed->run([])
 8 SYSTEMPATH\CLI\Console.php(46): CodeIgniter\CLI\Commands->run('db:seed', [...])
 9 ROOTPATH\spark(102): CodeIgniter\CLI\Console->run()
WARNING - 2024-03-07 22:16:09 --> [DEPRECATED] Since fakerphp/faker 1.14: Accessing property "email" is deprecated, use "email()" instead. in VENDORPATH\symfony\deprecation-contracts\function.php on line 25.
 1 VENDORPATH\symfony\deprecation-contracts\function.php(25): trigger_error('Since fakerphp/faker 1.14: Accessing property "email" is deprecated, use "email()" instead.', 16384)
 2 VENDORPATH\fakerphp\faker\src\Faker\Generator.php(962): trigger_deprecation('fakerphp/faker', '1.14', 'Accessing property "%s" is deprecated, use "%s()" instead.', 'email', 'email')
 3 APPPATH\Database\Seeds\ClientSeeder.php(23): Faker\Generator->__get('email')
 4 APPPATH\Database\Seeds\ClientSeeder.php(13): App\Database\Seeds\ClientSeeder->generateClient()
 5 SYSTEMPATH\Database\Seeder.php(145): App\Database\Seeds\ClientSeeder->run()
 6 SYSTEMPATH\Commands\Database\Seed.php(77): CodeIgniter\Database\Seeder->call('App\\Database\\Seeds\\ClientSeeder')
 7 SYSTEMPATH\CLI\Commands.php(65): CodeIgniter\Commands\Database\Seed->run([])
 8 SYSTEMPATH\CLI\Console.php(46): CodeIgniter\CLI\Commands->run('db:seed', [...])
 9 ROOTPATH\spark(102): CodeIgniter\CLI\Console->run()
WARNING - 2024-03-07 22:16:09 --> [DEPRECATED] Since fakerphp/faker 1.14: Accessing property "email" is deprecated, use "email()" instead. in VENDORPATH\symfony\deprecation-contracts\function.php on line 25.
 1 VENDORPATH\symfony\deprecation-contracts\function.php(25): trigger_error('Since fakerphp/faker 1.14: Accessing property "email" is deprecated, use "email()" instead.', 16384)
 2 VENDORPATH\fakerphp\faker\src\Faker\Generator.php(962): trigger_deprecation('fakerphp/faker', '1.14', 'Accessing property "%s" is deprecated, use "%s()" instead.', 'email', 'email')
 3 APPPATH\Database\Seeds\ClientSeeder.php(23): Faker\Generator->__get('email')
 4 APPPATH\Database\Seeds\ClientSeeder.php(13): App\Database\Seeds\ClientSeeder->generateClient()
 5 SYSTEMPATH\Database\Seeder.php(145): App\Database\Seeds\ClientSeeder->run()
 6 SYSTEMPATH\Commands\Database\Seed.php(77): CodeIgniter\Database\Seeder->call('App\\Database\\Seeds\\ClientSeeder')
 7 SYSTEMPATH\CLI\Commands.php(65): CodeIgniter\Commands\Database\Seed->run([])
 8 SYSTEMPATH\CLI\Console.php(46): CodeIgniter\CLI\Commands->run('db:seed', [...])
 9 ROOTPATH\spark(102): CodeIgniter\CLI\Console->run()
WARNING - 2024-03-07 22:16:09 --> [DEPRECATED] Since fakerphp/faker 1.14: Accessing property "email" is deprecated, use "email()" instead. in VENDORPATH\symfony\deprecation-contracts\function.php on line 25.
 1 VENDORPATH\symfony\deprecation-contracts\function.php(25): trigger_error('Since fakerphp/faker 1.14: Accessing property "email" is deprecated, use "email()" instead.', 16384)
 2 VENDORPATH\fakerphp\faker\src\Faker\Generator.php(962): trigger_deprecation('fakerphp/faker', '1.14', 'Accessing property "%s" is deprecated, use "%s()" instead.', 'email', 'email')
 3 APPPATH\Database\Seeds\ClientSeeder.php(23): Faker\Generator->__get('email')
 4 APPPATH\Database\Seeds\ClientSeeder.php(13): App\Database\Seeds\ClientSeeder->generateClient()
 5 SYSTEMPATH\Database\Seeder.php(145): App\Database\Seeds\ClientSeeder->run()
 6 SYSTEMPATH\Commands\Database\Seed.php(77): CodeIgniter\Database\Seeder->call('App\\Database\\Seeds\\ClientSeeder')
 7 SYSTEMPATH\CLI\Commands.php(65): CodeIgniter\Commands\Database\Seed->run([])
 8 SYSTEMPATH\CLI\Console.php(46): CodeIgniter\CLI\Commands->run('db:seed', [...])
 9 ROOTPATH\spark(102): CodeIgniter\CLI\Console->run()
WARNING - 2024-03-07 22:16:09 --> [DEPRECATED] Since fakerphp/faker 1.14: Accessing property "email" is deprecated, use "email()" instead. in VENDORPATH\symfony\deprecation-contracts\function.php on line 25.
 1 VENDORPATH\symfony\deprecation-contracts\function.php(25): trigger_error('Since fakerphp/faker 1.14: Accessing property "email" is deprecated, use "email()" instead.', 16384)
 2 VENDORPATH\fakerphp\faker\src\Faker\Generator.php(962): trigger_deprecation('fakerphp/faker', '1.14', 'Accessing property "%s" is deprecated, use "%s()" instead.', 'email', 'email')
 3 APPPATH\Database\Seeds\ClientSeeder.php(23): Faker\Generator->__get('email')
 4 APPPATH\Database\Seeds\ClientSeeder.php(13): App\Database\Seeds\ClientSeeder->generateClient()
 5 SYSTEMPATH\Database\Seeder.php(145): App\Database\Seeds\ClientSeeder->run()
 6 SYSTEMPATH\Commands\Database\Seed.php(77): CodeIgniter\Database\Seeder->call('App\\Database\\Seeds\\ClientSeeder')
 7 SYSTEMPATH\CLI\Commands.php(65): CodeIgniter\Commands\Database\Seed->run([])
 8 SYSTEMPATH\CLI\Console.php(46): CodeIgniter\CLI\Commands->run('db:seed', [...])
 9 ROOTPATH\spark(102): CodeIgniter\CLI\Console->run()
